<?xml version="1.0" encoding="utf-8"?><testsuites name="pytest tests"><testsuite name="pytest" errors="0" failures="0" skipped="0" tests="19" time="18.151" timestamp="2026-06-26T13:10:17.132250+00:00" hostname="agent-env-5107469c-c4c2-42c0-9e26-db3dfb206071"><testcase classname="tests.test_vicehub_blog.TestBlogAdminAuthRequired" name="test_admin_list_requires_auth" time="0.356" /><testcase classname="tests.test_vicehub_backend.TestWaitlist" name="test_count_returns_integer" time="0.945" /><testcase classname="tests.test_vicehub_blog.TestBlogAdminAuthRequired" name="test_create_requires_auth" time="0.137" /><testcase classname="tests.test_vicehub_blog.TestBlogAdminAuthRequired" name="test_update_requires_auth" time="0.103" /><testcase classname="tests.test_vicehub_blog.TestBlogAdminAuthRequired" name="test_delete_requires_auth" time="0.099" /><testcase classname="tests.test_vicehub_blog.TestBlogAdminAuthRequired" name="test_upload_requires_auth" time="0.100" /><testcase classname="tests.test_vicehub_blog.TestAuth" name="test_login_wrong_password_returns_401" time="2.091" /><testcase classname="tests.test_vicehub_backend.TestWaitlist" name="test_join_new_email_success" time="2.949" /><testcase classname="tests.test_vicehub_blog.TestAuth" name="test_me_without_token_401" time="0.106" /><testcase classname="tests.test_vicehub_blog.TestAuth" name="test_me_with_token" time="1.573" /><testcase classname="tests.test_vicehub_backend.TestWaitlist" name="test_join_duplicate_returns_already_joined" time="1.934" /><testcase classname="tests.test_vicehub_blog.TestBlogCRUD" name="test_create_get_slug_unique_and_duplicate_suffix" time="12.447" /><testcase classname="tests.test_vicehub_backend.TestWaitlist" name="test_invalid_email_returns_422" time="0.103" /><testcase classname="tests.test_vicehub_backend.TestWaitlist" name="test_missing_email_returns_422" time="0.100" /><testcase classname="tests.test_vicehub_backend.TestCompanionChat" name="test_chat_streams_deltas_and_done" time="1.612" /><testcase classname="tests.test_vicehub_blog.TestImageUpload" name="test_upload_and_serve" time="2.274" /><testcase classname="tests.test_vicehub_blog.TestSitemap" name="test_sitemap_xml" time="0.679" /><testcase classname="tests.test_vicehub_blog.TestBlogCRUD" name="test_get_missing_slug_returns_404" time="0.673" /><testcase classname="tests.test_vicehub_backend.TestHealth" name="test_root" time="0.105" /></testsuite></testsuites>