<?xml version="1.0" encoding="utf-8"?><testsuites name="pytest tests"><testsuite name="pytest" errors="0" failures="0" skipped="0" tests="7" time="6.206" timestamp="2026-06-26T12:07:00.668961+00:00" hostname="agent-env-5107469c-c4c2-42c0-9e26-db3dfb206071"><testcase classname="tests.test_vicehub_backend.TestWaitlist" name="test_count_returns_integer" time="0.878" /><testcase classname="tests.test_vicehub_backend.TestHealth" name="test_root" time="0.270" /><testcase classname="tests.test_vicehub_backend.TestCompanionChat" name="test_chat_streams_deltas_and_done" time="1.079" /><testcase classname="tests.test_vicehub_backend.TestWaitlist" name="test_join_new_email_success" time="2.695" /><testcase classname="tests.test_vicehub_backend.TestWaitlist" name="test_join_duplicate_returns_already_joined" time="1.870" /><testcase classname="tests.test_vicehub_backend.TestWaitlist" name="test_invalid_email_returns_422" time="0.132" /><testcase classname="tests.test_vicehub_backend.TestWaitlist" name="test_missing_email_returns_422" time="0.126" /></testsuite></testsuites>