<?xml version="1.0" encoding="utf-8"?><testsuites name="pytest tests"><testsuite name="pytest" errors="0" failures="0" skipped="0" tests="12" time="17.687" timestamp="2026-06-26T12:39:08.687193+00:00" hostname="agent-env-5107469c-c4c2-42c0-9e26-db3dfb206071"><testcase classname="tests.test_vicehub_blog.TestBlogAdminAuthRequired" name="test_admin_list_requires_auth" time="0.283" /><testcase classname="tests.test_vicehub_blog.TestAuth" name="test_login_wrong_password_returns_401" time="1.073" /><testcase classname="tests.test_vicehub_blog.TestBlogAdminAuthRequired" name="test_create_requires_auth" time="0.097" /><testcase classname="tests.test_vicehub_blog.TestBlogAdminAuthRequired" name="test_update_requires_auth" time="0.104" /><testcase classname="tests.test_vicehub_blog.TestBlogAdminAuthRequired" name="test_delete_requires_auth" time="0.114" /><testcase classname="tests.test_vicehub_blog.TestBlogAdminAuthRequired" name="test_upload_requires_auth" time="0.103" /><testcase classname="tests.test_vicehub_blog.TestAuth" name="test_me_without_token_401" time="0.100" /><testcase classname="tests.test_vicehub_blog.TestAuth" name="test_me_with_token" time="1.688" /><testcase classname="tests.test_vicehub_blog.TestBlogCRUD" name="test_create_get_slug_unique_and_duplicate_suffix" time="14.214" /><testcase classname="tests.test_vicehub_blog.TestSitemap" name="test_sitemap_xml" time="0.672" /><testcase classname="tests.test_vicehub_blog.TestBlogCRUD" name="test_get_missing_slug_returns_404" time="0.671" /><testcase classname="tests.test_vicehub_blog.TestImageUpload" name="test_upload_and_serve" time="1.533" /></testsuite></testsuites>